<?xml version="1.0" encoding="UTF-8"?>
<!-- Generated by org.testng.reporters.JUnitReportReporter -->
<testsuite hostname="DESKTOP-5T5EOKA" failures="0" tests="5" name="tests.OrangeHRMLoginTest" time="43.308" errors="0" timestamp="2025-12-31T01:06:26 IST" skipped="0">
  <testcase classname="tests.OrangeHRMLoginTest" name="invalidPasswordTest" time="6.952"/>
  <testcase classname="tests.OrangeHRMLoginTest" name="invalidUsernameTest" time="7.229"/>
  <testcase classname="tests.OrangeHRMLoginTest" name="validLoginTest" time="10.029"/>
  <testcase classname="tests.OrangeHRMLoginTest" name="logoutTest" time="12.867"/>
  <testcase classname="tests.OrangeHRMLoginTest" name="emptyCredentialsTest" time="6.231"/>
</testsuite> <!-- tests.OrangeHRMLoginTest -->
